
> client@0.1.0 build-storybook
> storybook build --output-dir /var/folders/3n/9rdx211947lfp0pncxd6g76h0000gn/T/chromatic--46324-W9EsAvTbHIzV

@storybook/cli v7.6.17

info => Cleaning outputDir: /var/folders/3n/9rdx211947lfp0pncxd6g76h0000gn/T/chromatic--46324-W9EsAvTbHIzV
info => Loading presets
info => Building manager..
info => Manager built (541 ms)
info => Building preview..
info => Copying static files: /Users/hal-ang/Desktop/before-the-rain/client/node_modules/@storybook/manager/static at /var/folders/3n/9rdx211947lfp0pncxd6g76h0000gn/T/chromatic--46324-W9EsAvTbHIzV/sb-common-assets
info Using SWC compiler
info Addon-docs: using MDX2
info => Using implicit CSS loaders
info => [@storybook/addon-styling-webpack] Applying custom Storybook webpack configuration styling.
info => [@storybook/addon-styling-webpack] Replacing Storybook's webpack rules for styles with given rules.
info => Using default Webpack5 setup
WARN asset size limit: The following asset(s) exceed the recommended size limit (244 KiB).
WARN This can impact web performance.
WARN Assets: 
WARN   static/media/addon-library.7d60eaf1.png (456 KiB)
WARN   71.b1072319.iframe.bundle.js (581 KiB)
WARN   126.11fd86fc.iframe.bundle.js (720 KiB)
WARN   93.72f5ad58.iframe.bundle.js (1.04 MiB)
WARN entrypoint size limit: The following entrypoint(s) combined asset size exceeds the recommended limit (244 KiB). This can impact web performance.
WARN Entrypoints:
WARN   main (1.08 MiB)
WARN       runtime~main.45cfc6a0.iframe.bundle.js
WARN       93.72f5ad58.iframe.bundle.js
WARN       main.d3de60e9.iframe.bundle.js
WARN 
info => Preview built (39 s)
info => Output directory: /var/folders/3n/9rdx211947lfp0pncxd6g76h0000gn/T/chromatic--46324-W9EsAvTbHIzV
